<?xml version="1.0" encoding="UTF-8"?>
<testsuite xmlns:xsi="http://www.w3.org/2001/XMLSchema-instance" xsi:noNamespaceSchemaLocation="https://maven.apache.org/surefire/maven-surefire-plugin/xsd/surefire-test-report-3.0.xsd" version="3.0" name="com.gl.glcore.GlCoreApplicationTests" time="1.894" tests="1" errors="0" skipped="0" failures="0">
  <properties>
[...]
</properties>
  <testcase name="contextLoads" classname="com.gl.glcore.GlCoreApplicationTests" time="0.598">
    <system-out><![CDATA[08:49:12.193 [main] INFO org.springframework.test.context.support.AnnotationConfigContextLoaderUtils -- Could not detect default configuration classes for test class [com.gl.glcore.GlCoreApplicationTests]: GlCoreApplicationTests does not declare any static, non-private, non-final, nested classes annotated with @Configuration.
08:49:12.261 [main] INFO org.springframework.boot.test.context.SpringBootTestContextBootstrapper -- Found @SpringBootConfiguration com.gl.GlCoreApplication for test class com.gl.glcore.GlCoreApplicationTests
      ___                         ___           ___           ___           ___           ___           ___
     /\__\                       /\  \         /\  \         /\__\         /\  \         /|  |         /\__\
    /:/ _/_                     /::\  \        \:\  \       /:/  /        /::\  \       |:|  |        /:/ _/_
   /:/ /\  \                   /:/\:\  \        \:\  \     /:/  /        /:/\:\  \      |:|  |       /:/ /\__\
  /:/ /::\  \   ___     ___   /:/ /::\  \   _____\:\  \   /:/  /  ___   /:/ /::\  \   __|:|  |      /:/ /:/ _/_
 /:/__\/\:\__\ /\  \   /\__\ /:/_/:/\:\__\ /::::::::\__\ /:/__/  /\__\ /:/_/:/\:\__\ /\ |:|__|____ /:/_/:/ /\__\
 \:\  \ /:/  / \:\  \ /:/  / \:\/:/  \/__/ \:\~~\~~\/__/ \:\  \ /:/  / \:\/:/  \/__/ \:\/:::::/__/ \:\/:/ /:/  /
  \:\  /:/  /   \:\  /:/  /   \::/__/       \:\  \        \:\  /:/  /   \::/__/       \::/~~/~      \::/_/:/  /
   \:\/:/  /     \:\/:/  /     \:\  \        \:\  \        \:\/:/  /     \:\  \        \:\~~\        \:\/:/  /
    \::/  /       \::/  /       \:\__\        \:\__\        \::/  /       \:\__\        \:\__\        \::/  /
     \/__/         \/__/         \/__/         \/__/         \/__/         \/__/         \/__/         \/__/



2024-03-20T08:49:12.554+08:00  INFO 23340 --- [gl-core] [           main] com.gl.glcore.GlCoreApplicationTests     : Starting GlCoreApplicationTests using Java 17.0.9 with PID 23340 (started by Administrator in E:\code\multiple-module\multiple-module\gl-core)
2024-03-20T08:49:12.556+08:00  INFO 23340 --- [gl-core] [           main] com.gl.glcore.GlCoreApplicationTests     : No active profile set, falling back to 1 default profile: "default"
2024-03-20T08:49:13.362+08:00  INFO 23340 --- [gl-core] [           main] com.gl.glcore.GlCoreApplicationTests     : Started GlCoreApplicationTests in 0.985 seconds (process running for 1.634)
]]></system-out>
  </testcase>
</testsuite>